<?xml version="1.0" encoding="UTF-8"?>
<!-- Generated by org.testng.reporters.JUnitXMLReporter -->
<testsuite hostname="LAPTOP-J41V6O34" ignored="4" name="Car loan" tests="6" failures="0" timestamp="03 四月 2019 19:08:08 GMT" time="0.026" errors="0">
  <testcase name="MobileTest" time="0.002" classname="test.Class3"/>
  <testcase name="MobileTest2" time="0.001" classname="test.Class3"/>
  <testcase name="MobileTest3" time="0.001" classname="test.Class3"/>
  <testcase name="MobileTest4" time="0.003" classname="test.Class3"/>
  <testcase name="Weblogin" time="0.001" classname="test.Class3"/>
  <testcase name="WebCostcologdin" time="0.002" classname="test.Class4"/>
  <testcase name="MobileMenu2Test" time="0.0" classname="test.Class4">
    <ignored/>
  </testcase> <!-- MobileMenu2Test -->
  <testcase name="MobileAppiumTest" time="0.0" classname="test.Class4">
    <ignored/>
  </testcase> <!-- MobileAppiumTest -->
  <testcase name="MobileMenu1Test" time="0.0" classname="test.Class4">
    <ignored/>
  </testcase> <!-- MobileMenu1Test -->
  <testcase name="MobileAndroidTest" time="0.0" classname="test.Class4">
    <ignored/>
  </testcase> <!-- MobileAndroidTest -->
</testsuite> <!-- Car loan -->
