<?xml version="1.0" encoding="UTF-8"?>
<!-- Generated by org.testng.reporters.JUnitXMLReporter -->
<testsuite hostname="LAPTOP-J41V6O34" ignored="0" name="Load Test" tests="4" failures="0" timestamp="03 四月 2019 18:12:04 GMT" time="0.084" errors="0">
  <testcase name="Demo1" time="0.021" classname="test.Class1"/>
  <testcase name="Demo2" time="0.003" classname="test.Class1"/>
  <testcase name="Demo3" time="0.002" classname="test.Class2"/>
  <testcase name="Demo4" time="0.003" classname="test.Class2"/>
</testsuite> <!-- Load Test -->
