<?xml version="1.0" encoding="UTF-8"?>
<!-- Generated by org.testng.reporters.JUnitXMLReporter -->
<testsuite hostname="LAPTOP-J41V6O34" ignored="11" name="Personal Load - Regression 01 " tests="3" failures="0" timestamp="03 四月 2019 19:48:52 GMT" time="0.087" errors="0">
  <testcase name="MobileMenu1Test" time="0.022" classname="test.Class4"/>
  <testcase name="MobileMenu2Test" time="0.004" classname="test.Class4"/>
  <testcase name="WebCostcologdin" time="0.001" classname="test.Class4"/>
  <testcase name="MobileTest" time="0.0" classname="test.Class3">
    <ignored/>
  </testcase> <!-- MobileTest -->
  <testcase name="MobileTest2" time="0.0" classname="test.Class3">
    <ignored/>
  </testcase> <!-- MobileTest2 -->
  <testcase name="Demo1" time="0.0" classname="test.Class1">
    <ignored/>
  </testcase> <!-- Demo1 -->
  <testcase name="MobileTest4" time="0.0" classname="test.Class3">
    <ignored/>
  </testcase> <!-- MobileTest4 -->
  <testcase name="MobileTest3" time="0.0" classname="test.Class3">
    <ignored/>
  </testcase> <!-- MobileTest3 -->
  <testcase name="MobileAppiumTest" time="0.0" classname="test.Class4">
    <ignored/>
  </testcase> <!-- MobileAppiumTest -->
  <testcase name="Demo2" time="0.0" classname="test.Class1">
    <ignored/>
  </testcase> <!-- Demo2 -->
  <testcase name="Demo4" time="0.0" classname="test.Class2">
    <ignored/>
  </testcase> <!-- Demo4 -->
  <testcase name="Demo3" time="0.0" classname="test.Class2">
    <ignored/>
  </testcase> <!-- Demo3 -->
  <testcase name="Weblogin" time="0.0" classname="test.Class3">
    <ignored/>
  </testcase> <!-- Weblogin -->
  <testcase name="MobileAndroidTest" time="0.0" classname="test.Class4">
    <ignored/>
  </testcase> <!-- MobileAndroidTest -->
</testsuite> <!-- Personal Load - Regression 01  -->
